

Microchip MPLAB XC8 Assembler V2.40 build 20220703182018 
                                                                                                           Mon Oct 17 23:24:30 2022


     1                           	processor	18F4520
     2                           	pagewidth 132
     3                           	opt	flic
     4                           	psect	udata_acs,global,class=COMRAM,space=1,delta=1,lowdata,noexec
     5                           	psect	udata_bank0,global,class=BANK0,space=1,delta=1,lowdata,noexec
     6                           	psect	udata_bank1,global,class=BANK1,space=1,delta=1,lowdata,noexec
     7                           	psect	udata_bank2,global,class=BANK2,space=1,delta=1,lowdata,noexec
     8                           	psect	udata_bank3,global,class=BANK3,space=1,delta=1,lowdata,noexec
     9                           	psect	udata_bank4,global,class=BANK4,space=1,delta=1,lowdata,noexec
    10                           	psect	udata_bank5,global,class=BANK5,space=1,delta=1,lowdata,noexec
    11                           	psect	udata,global,class=RAM,space=1,delta=1,noexec
    12                           	psect	code,global,reloc=2,class=CODE,delta=1
    13                           	psect	data,global,reloc=2,class=CONST,delta=1,noexec
    14                           	psect	edata,global,class=EEDATA,space=3,delta=2,noexec
    15                           	psect	mytext,local,reloc=2,class=CODE,delta=1
    16   000000                     
    17                           	psect	edata
    18   000000                     stk_offset	set	0
    19   000000                     auto_size	set	0
    20                           
    21                           ; stack_auto defines a symbol /name/_offset which equates to the
    22                           ; stack offset of the auto object in question
    23   000000                     
    24                           ; stack_param defines a symbol /name/_offset which equates to the
    25                           ; stack offset of the parameter object in question
    26   000000                     
    27                           ; alloc_stack adjusts the SP to allocate space for auto objects
    28                           ; it also links in to the btemp symbol so that can be used
    29   000000                     
    30                           ; restore_stack adjusts the SP to remove all auto and parameter
    31                           ; objects from the stack prior to returning from a function
    32   000000                     
    33                           	psect	mytext
    34   007FB2                     _divide_signed:
    35                           	callstack 0
    36   007FB2  C001 F003          	movff	1,3
    37   007FB6  6E01               	movwf	1,c
    38   007FB8  AE01               	btfss	1,7,c
    39   007FBA  D003               	goto	next1
    40   007FBC  6C01               	negf	1,c
    41   007FBE  6A02               	clrf	2,c
    42   007FC0  2A10               	incf	16,f,c	; r
    43   007FC2                     next1:
    44   007FC2  AE03               	btfss	3,7,c
    45   007FC4  D003               	goto	next2
    46   007FC6  6C03               	negf	3,c
    47   007FC8  6A04               	clrf	4,c
    48   007FCA  2A11               	incf	17,f,c	; Q
    49   007FCC                     next2:
    50   007FCC  C010 FFE8          	movff	16,wreg
    51   007FD0  1A11               	xorwf	17,f,c	; Q = a xor b
    52   007FD2  0E09               	movlw	9
    53   007FD4  CFE8 FF8B          	movff	wreg,3979
    54   007FD8  C003 FF8C          	movff	3,3980
    55   007FDC                     shift:
    56   007FDC  4E8B               	dcfsnz	3979,f,c
    57   007FDE  D00B               	goto	finish
    58   007FE0  3601               	rlcf	1,f,c
    59   007FE2  3602               	rlcf	2,f,c
    60   007FE4  CF8C FFE8          	movff	3980,wreg
    61   007FE8  5C02               	subwf	2,w,c
    62   007FEA  E6F8               	bmi	shift
    63   007FEC  CF8C FFE8          	movff	3980,wreg
    64   007FF0  5E02               	subwf	2,f,c
    65   007FF2  2A01               	incf	1,f,c
    66   007FF4  D7F3               	goto	shift
    67   007FF6                     finish:
    68                           
    69                           ; 0x002 r
    70                           ; 0x001 Q
    71   007FF6  B010               	btfsc	16,0,c
    72   007FF8  6C02               	negf	2,c
    73   007FFA  B011               	btfsc	17,0,c
    74   007FFC  6C01               	negf	1,c
    75   007FFE  0012               	return	
    76                           tosu	equ	0xFFF
    77                           tosh	equ	0xFFE
    78                           tosl	equ	0xFFD
    79                           stkptr	equ	0xFFC
    80                           pclatu	equ	0xFFB
    81                           pclath	equ	0xFFA
    82                           pcl	equ	0xFF9
    83                           tblptru	equ	0xFF8
    84                           tblptrh	equ	0xFF7
    85                           tblptrl	equ	0xFF6
    86                           tablat	equ	0xFF5
    87                           prodh	equ	0xFF4
    88                           prodl	equ	0xFF3
    89                           indf0	equ	0xFEF
    90                           postinc0	equ	0xFEE
    91                           postdec0	equ	0xFED
    92                           preinc0	equ	0xFEC
    93                           plusw0	equ	0xFEB
    94                           fsr0h	equ	0xFEA
    95                           fsr0l	equ	0xFE9
    96                           wreg	equ	0xFE8
    97                           indf1	equ	0xFE7
    98                           postinc1	equ	0xFE6
    99                           postdec1	equ	0xFE5
   100                           preinc1	equ	0xFE4
   101                           plusw1	equ	0xFE3
   102                           fsr1h	equ	0xFE2
   103                           fsr1l	equ	0xFE1
   104                           bsr	equ	0xFE0
   105                           indf2	equ	0xFDF
   106                           postinc2	equ	0xFDE
   107                           postdec2	equ	0xFDD
   108                           preinc2	equ	0xFDC
   109                           plusw2	equ	0xFDB
   110                           fsr2h	equ	0xFDA
   111                           fsr2l	equ	0xFD9
   112                           status	equ	0xFD8


Microchip Technology PIC18 Macro Assembler V2.40 build 20220703182018 
Symbol Table                                                                                               Mon Oct 17 23:24:30 2022

                        LATC 000F8B                          LATD 000F8C                          WREG 000FE8  
                       next1 7FC2                         next2 7FCC                         shift 7FDC  
                      finish 7FF6                       isa$std 000001                     isa$xinst 000000  
              _divide_signed 7FB2  
