Warning[207] C:\USERS\KANE\MPLABXPROJECTS\LAB7-00.X\BASIC_2.ASM 58 : Found label after column 1. (L1)
Warning[207] C:\USERS\KANE\MPLABXPROJECTS\LAB7-00.X\BASIC_2.ASM 59 : Found label after column 1. (L2)
Warning[205] C:\USERS\KANE\MPLABXPROJECTS\LAB7-00.X\BASIC_2.ASM 81 : Found directive in column 1. (endm)
Warning[203] C:\USERS\KANE\MPLABXPROJECTS\LAB7-00.X\BASIC_2.ASM 86 : Found opcode in column 1. (goto)
Warning[207] C:\USERS\KANE\MPLABXPROJECTS\LAB7-00.X\BASIC_2.ASM 123 : Found label after column 1. (state1)
Warning[207] C:\USERS\KANE\MPLABXPROJECTS\LAB7-00.X\BASIC_2.ASM 67 : Found label after column 1. (LOOP2)
Warning[202] C:\USERS\KANE\MPLABXPROJECTS\LAB7-00.X\BASIC_2.ASM 68 : Argument out of range.  Least significant bits used.
Warning[207] C:\USERS\KANE\MPLABXPROJECTS\LAB7-00.X\BASIC_2.ASM 70 : Found label after column 1. (LOOP1)
Warning[207] C:\USERS\KANE\MPLABXPROJECTS\LAB7-00.X\BASIC_2.ASM 67 : Found label after column 1. (LOOP2)
Warning[202] C:\USERS\KANE\MPLABXPROJECTS\LAB7-00.X\BASIC_2.ASM 68 : Argument out of range.  Least significant bits used.
Warning[207] C:\USERS\KANE\MPLABXPROJECTS\LAB7-00.X\BASIC_2.ASM 70 : Found label after column 1. (LOOP1)
Warning[207] C:\USERS\KANE\MPLABXPROJECTS\LAB7-00.X\BASIC_2.ASM 131 : Found label after column 1. (state2)
Warning[207] C:\USERS\KANE\MPLABXPROJECTS\LAB7-00.X\BASIC_2.ASM 67 : Found label after column 1. (LOOP2)
Warning[202] C:\USERS\KANE\MPLABXPROJECTS\LAB7-00.X\BASIC_2.ASM 68 : Argument out of range.  Least significant bits used.
Warning[207] C:\USERS\KANE\MPLABXPROJECTS\LAB7-00.X\BASIC_2.ASM 70 : Found label after column 1. (LOOP1)
Warning[207] C:\USERS\KANE\MPLABXPROJECTS\LAB7-00.X\BASIC_2.ASM 67 : Found label after column 1. (LOOP2)
Warning[202] C:\USERS\KANE\MPLABXPROJECTS\LAB7-00.X\BASIC_2.ASM 68 : Argument out of range.  Least significant bits used.
Warning[207] C:\USERS\KANE\MPLABXPROJECTS\LAB7-00.X\BASIC_2.ASM 70 : Found label after column 1. (LOOP1)
Warning[207] C:\USERS\KANE\MPLABXPROJECTS\LAB7-00.X\BASIC_2.ASM 138 : Found label after column 1. (finish)
Warning[205] C:\USERS\KANE\MPLABXPROJECTS\LAB7-00.X\BASIC_2.ASM 141 : Found directive in column 1. (end)
