

Microchip MPLAB XC8 Assembler V2.40 build 20220703182018 
                                                                                               Mon Dec 19 03:41:34 2022

Microchip MPLAB XC8 C Compiler v2.40 (Free license) build 20220703182018 Og1 
     1                           	processor	18F4520
     2                           	fnconf	rparam,??,?,0
     3                           	pagewidth 120
     4                           	opt	flic
     5                           	psect	cinit,global,reloc=2,class=CODE,delta=1
     6                           	psect	bssCOMRAM,global,class=COMRAM,space=1,delta=1,lowdata,noexec
     7                           	psect	cstackCOMRAM,global,class=COMRAM,space=1,delta=1,lowdata,noexec
     8                           	psect	text0,global,reloc=2,class=CODE,delta=1
     9                           	psect	text1,global,reloc=2,class=CODE,delta=1
    10                           	psect	text2,global,reloc=2,class=CODE,delta=1
    11                           	psect	text3,global,reloc=2,class=CODE,delta=1
    12                           	psect	text4,global,reloc=2,class=CODE,delta=1
    13                           	psect	text5,global,reloc=2,class=CODE,delta=1
    14                           	psect	text6,global,reloc=2,class=CODE,delta=1
    15                           	psect	intcodelo,global,reloc=2,class=CODE,delta=1
    16                           	psect	text8,global,reloc=2,class=CODE,delta=1
    17                           	psect	text9,global,reloc=2,class=CODE,delta=1
    18                           	psect	intcode,global,reloc=2,class=CODE,delta=1
    19                           	psect	intcode_body,global,reloc=2,class=CODE,delta=1
    20                           	psect	intsave_regs,global,class=BIGRAM,space=1,delta=1,noexec
    21                           	psect	rparam,global,class=COMRAM,space=1,delta=1,noexec
    22                           	psect	temp,global,ovrld,common,class=COMRAM,space=1,delta=1
    23                           	psect	idloc,global,abs,ovrld,class=IDLOC,space=5,delta=1,noexec
    24                           	psect	config,global,abs,ovrld,class=CONFIG,space=4,delta=1,noexec
    25   000000                     
    26                           ; Version 2.40
    27                           ; Generated 04/07/2022 GMT
    28                           ; 
    29                           ; Copyright © 2022, Microchip Technology Inc. and its subsidiaries ("Microchip")
    30                           ; All rights reserved.
    31                           ; 
    32                           ; This software is developed by Microchip Technology Inc. and its subsidiaries ("Microch
      +                          ip").
    33                           ; 
    34                           ; Redistribution and use in source and binary forms, with or without modification, are
    35                           ; permitted provided that the following conditions are met:
    36                           ; 
    37                           ;     1. Redistributions of source code must retain the above copyright notice, this lis
      +                          t of
    38                           ;        conditions and the following disclaimer.
    39                           ; 
    40                           ;     2. Redistributions in binary form must reproduce the above copyright notice, this 
      +                          list
    41                           ;        of conditions and the following disclaimer in the documentation and/or other
    42                           ;        materials provided with the distribution. Publication is not required when
    43                           ;        this file is used in an embedded application.
    44                           ; 
    45                           ;     3. Microchip's name may not be used to endorse or promote products derived from th
      +                          is
    46                           ;        software without specific prior written permission.
    47                           ; 
    48                           ; THIS SOFTWARE IS PROVIDED BY MICROCHIP "AS IS" AND ANY EXPRESS OR IMPLIED WARRANTIES,
    49                           ; INCLUDING, BUT NOT LIMITED TO, THE IMPLIED WARRANTIES OF MERCHANTABILITY AND FITNESS F
      +                          OR
    50                           ; PURPOSE ARE DISCLAIMED.  IN NO EVENT SHALL MICROCHIP BE LIABLE FOR ANY DIRECT, INDIREC
      +                          T,
    51                           ; INCIDENTAL, SPECIAL, EXEMPLARY, OR CONSEQUENTIAL DAMAGES (INCLUDING BUT NOT LIMITED TO
    52                           ; PROCUREMENT OF SUBSTITUTE GOODS OR SERVICES; LOSS OF USE, DATA OR PROFITS; OR BUSINESS
    53                           ; INTERRUPTION) HOWSOEVER CAUSED AND ON ANY THEORY OF LIABILITY, WHETHER IN CONTRACT, ST
      +                          RICT
    54                           ; LIABILITY, OR TORT (INCLUDING NEGLIGENCE OR OTHERWISE) ARISING IN ANY WAY OUT OF THE U
      +                          SE OF
    55                           ; THIS SOFTWARE, EVEN IF ADVISED OF THE POSSIBILITY OF SUCH DAMAGE.
    56                           ; 
    57                           ; 
    58                           ; Code-generator required, PIC18F4520 Definitions
    59                           ; 
    60                           ; SFR Addresses
    61   000000                     _RCREG	set	4014
    62   000000                     _TXREG	set	4013
    63   000000                     _PIE1bits	set	3997
    64   000000                     _SPBRG	set	4015
    65   000000                     _BAUDCONbits	set	4024
    66   000000                     _PIR1bits	set	3998
    67   000000                     _CCP1CON	set	4029
    68   000000                     _ADCON0bits	set	4034
    69   000000                     _ADRESL	set	4035
    70   000000                     _ADRESH	set	4036
    71   000000                     _ADCON1	set	4033
    72   000000                     _ADFM	set	32263
    73   000000                     _ADCON2bits	set	4032
    74   000000                     _CREN	set	32092
    75   000000                     _RCIF	set	31989
    76   000000                     _IRCF0	set	32412
    77   000000                     _IRCF1	set	32413
    78   000000                     _TRISA	set	3986
    79   000000                     _INTCONbits	set	4082
    80   000000                     _TRISCbits	set	3988
    81   000000                     _RCONbits	set	4048
    82   000000                     _RCSTAbits	set	4011
    83   000000                     _TXSTAbits	set	4012
    84   000000                     _IPR1bits	set	3999
    85   000000                     _IRCF2	set	32414
    86                           
    87                           ; #config settings
    88                           
    89                           	psect	cinit
    90   0000A6                     __pcinit:
    91                           	callstack 0
    92   0000A6                     start_initialization:
    93                           	callstack 0
    94   0000A6                     __initialization:
    95                           	callstack 0
    96                           
    97                           ; Clear objects allocated to COMRAM (42 bytes)
    98   0000A6  EE00  F001         	lfsr	0,__pbssCOMRAM
    99   0000AA  0E2A               	movlw	42
   100   0000AC                     clear_0:
   101   0000AC  6AEE               	clrf	postinc0,c
   102   0000AE  06E8               	decf	wreg,f,c
   103   0000B0  E1FD               	bnz	clear_0
   104   0000B2                     end_of_initialization:
   105                           	callstack 0
   106   0000B2                     __end_of__initialization:
   107                           	callstack 0
   108   0000B2  9030               	bcf	int$flags,0,c	;clear compiler interrupt flag (level 1)
   109   0000B4  9230               	bcf	int$flags,1,c	;clear compiler interrupt flag (level 2)
   110   0000B6  0100               	movlb	0
   111   0000B8  EF7F  F000         	goto	_main	;jump to C main() function
   112                           
   113                           	psect	bssCOMRAM
   114   000001                     __pbssCOMRAM:
   115                           	callstack 0
   116   000001                     _str:
   117                           	callstack 0
   118   000001                     	ds	20
   119   000015                     _lenStr:
   120                           	callstack 0
   121   000015                     	ds	2
   122   000017                     _mystring:
   123                           	callstack 0
   124   000017                     	ds	20
   125                           
   126                           	psect	cstackCOMRAM
   127   00002B                     __pcstackCOMRAM:
   128                           	callstack 0
   129   00002B                     UART_Write@data:
   130                           	callstack 0
   131                           
   132                           ; 1 bytes @ 0x0
   133   00002B                     	ds	1
   134   00002C                     MyusartRead@c:
   135                           	callstack 0
   136                           
   137                           ; 1 bytes @ 0x1
   138   00002C                     	ds	1
   139   00002D                     ??_Lo_ISR:
   140                           
   141                           ; 1 bytes @ 0x2
   142   00002D                     	ds	3
   143   000030                     
   144                           ; 1 bytes @ 0x5
   145 ;;
   146 ;;Main: autosize = 0, tempsize = 0, incstack = 0, save=0
   147 ;;
   148 ;; *************** function _main *****************
   149 ;; Defined at:
   150 ;;		line 14 in file "main.c"
   151 ;; Parameters:    Size  Location     Type
   152 ;;		None
   153 ;; Auto vars:     Size  Location     Type
   154 ;;		None
   155 ;; Return value:  Size  Location     Type
   156 ;;                  1    wreg      void 
   157 ;; Registers used:
   158 ;;		wreg, status,2, cstack
   159 ;; Tracked objects:
   160 ;;		On entry : 0/0
   161 ;;		On exit  : 0/0
   162 ;;		Unchanged: 0/0
   163 ;; Data sizes:     COMRAM   BANK0   BANK1   BANK2   BANK3   BANK4   BANK5
   164 ;;      Params:         0       0       0       0       0       0       0
   165 ;;      Locals:         0       0       0       0       0       0       0
   166 ;;      Temps:          0       0       0       0       0       0       0
   167 ;;      Totals:         0       0       0       0       0       0       0
   168 ;;Total ram usage:        0 bytes
   169 ;; Hardware stack levels required when called: 6
   170 ;; This function calls:
   171 ;;		_SYSTEM_Initialize
   172 ;; This function is called by:
   173 ;;		Startup code after reset
   174 ;; This function uses a non-reentrant model
   175 ;;
   176                           
   177                           	psect	text0
   178   0000FE                     __ptext0:
   179                           	callstack 0
   180   0000FE                     _main:
   181                           	callstack 25
   182   0000FE                     
   183                           ;main.c: 17:     SYSTEM_Initialize() ;
   184   0000FE  EC5E  F000         	call	_SYSTEM_Initialize	;wreg free
   185   000102                     l145:
   186   000102  EF81  F000         	goto	l145
   187   000106  EF2E  F000         	goto	start
   188   00010A                     __end_of_main:
   189                           	callstack 0
   190                           
   191 ;; *************** function _SYSTEM_Initialize *****************
   192 ;; Defined at:
   193 ;;		line 60 in file "setting_hardaware/setting.c"
   194 ;; Parameters:    Size  Location     Type
   195 ;;		None
   196 ;; Auto vars:     Size  Location     Type
   197 ;;		None
   198 ;; Return value:  Size  Location     Type
   199 ;;                  1    wreg      void 
   200 ;; Registers used:
   201 ;;		wreg, status,2, cstack
   202 ;; Tracked objects:
   203 ;;		On entry : 0/0
   204 ;;		On exit  : 0/0
   205 ;;		Unchanged: 0/0
   206 ;; Data sizes:     COMRAM   BANK0   BANK1   BANK2   BANK3   BANK4   BANK5
   207 ;;      Params:         0       0       0       0       0       0       0
   208 ;;      Locals:         0       0       0       0       0       0       0
   209 ;;      Temps:          0       0       0       0       0       0       0
   210 ;;      Totals:         0       0       0       0       0       0       0
   211 ;;Total ram usage:        0 bytes
   212 ;; Hardware stack levels used: 1
   213 ;; Hardware stack levels required when called: 5
   214 ;; This function calls:
   215 ;;		_ADC_Initialize
   216 ;;		_CCP1_Initialize
   217 ;;		_INTERRUPT_Initialize
   218 ;;		_OSCILLATOR_Initialize
   219 ;;		_UART_Initialize
   220 ;; This function is called by:
   221 ;;		_main
   222 ;; This function uses a non-reentrant model
   223 ;;
   224                           
   225                           	psect	text1
   226   0000BC                     __ptext1:
   227                           	callstack 0
   228   0000BC                     _SYSTEM_Initialize:
   229                           	callstack 25
   230   0000BC                     
   231                           ;setting_hardaware/setting.c: 63:     OSCILLATOR_Initialize();
   232   0000BC  EC8B  F000         	call	_OSCILLATOR_Initialize	;wreg free
   233                           
   234                           ;setting_hardaware/setting.c: 67:     INTERRUPT_Initialize();
   235   0000C0  EC8F  F000         	call	_INTERRUPT_Initialize	;wreg free
   236   0000C4                     
   237                           ;setting_hardaware/setting.c: 68:     UART_Initialize();
   238   0000C4  EC42  F000         	call	_UART_Initialize	;wreg free
   239   0000C8                     
   240                           ;setting_hardaware/setting.c: 69:     CCP1_Initialize();
   241   0000C8  EC85  F000         	call	_CCP1_Initialize	;wreg free
   242   0000CC                     
   243                           ;setting_hardaware/setting.c: 70:     ADC_Initialize();
   244   0000CC  EC69  F000         	call	_ADC_Initialize	;wreg free
   245   0000D0  0012               	return		;funcret
   246   0000D2                     __end_of_SYSTEM_Initialize:
   247                           	callstack 0
   248                           
   249 ;; *************** function _UART_Initialize *****************
   250 ;; Defined at:
   251 ;;		line 7 in file "setting_hardaware/uart.c"
   252 ;; Parameters:    Size  Location     Type
   253 ;;		None
   254 ;; Auto vars:     Size  Location     Type
   255 ;;		None
   256 ;; Return value:  Size  Location     Type
   257 ;;                  1    wreg      void 
   258 ;; Registers used:
   259 ;;		wreg, status,2
   260 ;; Tracked objects:
   261 ;;		On entry : 0/0
   262 ;;		On exit  : 0/0
   263 ;;		Unchanged: 0/0
   264 ;; Data sizes:     COMRAM   BANK0   BANK1   BANK2   BANK3   BANK4   BANK5
   265 ;;      Params:         0       0       0       0       0       0       0
   266 ;;      Locals:         0       0       0       0       0       0       0
   267 ;;      Temps:          0       0       0       0       0       0       0
   268 ;;      Totals:         0       0       0       0       0       0       0
   269 ;;Total ram usage:        0 bytes
   270 ;; Hardware stack levels used: 1
   271 ;; Hardware stack levels required when called: 4
   272 ;; This function calls:
   273 ;;		Nothing
   274 ;; This function is called by:
   275 ;;		_SYSTEM_Initialize
   276 ;; This function uses a non-reentrant model
   277 ;;
   278                           
   279                           	psect	text2
   280   000084                     __ptext2:
   281                           	callstack 0
   282   000084                     _UART_Initialize:
   283                           	callstack 25
   284   000084                     
   285                           ;setting_hardaware/uart.c: 9:     TRISCbits.TRISC6 = 1;
   286   000084  8C94               	bsf	148,6,c	;volatile
   287                           
   288                           ;setting_hardaware/uart.c: 10:     TRISCbits.TRISC7 = 1;
   289   000086  8E94               	bsf	148,7,c	;volatile
   290                           
   291                           ;setting_hardaware/uart.c: 13:     TXSTAbits.SYNC = 0;
   292   000088  98AC               	bcf	172,4,c	;volatile
   293                           
   294                           ;setting_hardaware/uart.c: 14:     BAUDCONbits.BRG16 = 0;
   295   00008A  96B8               	bcf	184,3,c	;volatile
   296                           
   297                           ;setting_hardaware/uart.c: 15:     TXSTAbits.BRGH = 0;
   298   00008C  94AC               	bcf	172,2,c	;volatile
   299   00008E                     
   300                           ;setting_hardaware/uart.c: 16:     SPBRG = 51;
   301   00008E  0E33               	movlw	51
   302   000090  6EAF               	movwf	175,c	;volatile
   303   000092                     
   304                           ;setting_hardaware/uart.c: 19:     RCSTAbits.SPEN = 1;
   305   000092  8EAB               	bsf	171,7,c	;volatile
   306   000094                     
   307                           ;setting_hardaware/uart.c: 20:     PIR1bits.TXIF = 1;
   308   000094  889E               	bsf	158,4,c	;volatile
   309   000096                     
   310                           ;setting_hardaware/uart.c: 21:     PIR1bits.RCIF = 0;
   311   000096  9A9E               	bcf	158,5,c	;volatile
   312   000098                     
   313                           ;setting_hardaware/uart.c: 22:     TXSTAbits.TXEN = 1;
   314   000098  8AAC               	bsf	172,5,c	;volatile
   315   00009A                     
   316                           ;setting_hardaware/uart.c: 23:     RCSTAbits.CREN = 1;
   317   00009A  88AB               	bsf	171,4,c	;volatile
   318   00009C                     
   319                           ;setting_hardaware/uart.c: 24:     PIE1bits.TXIE = 0;
   320   00009C  989D               	bcf	157,4,c	;volatile
   321   00009E                     
   322                           ;setting_hardaware/uart.c: 25:     IPR1bits.TXIP = 0;
   323   00009E  989F               	bcf	159,4,c	;volatile
   324   0000A0                     
   325                           ;setting_hardaware/uart.c: 26:     PIE1bits.RCIE = 1;
   326   0000A0  8A9D               	bsf	157,5,c	;volatile
   327   0000A2                     
   328                           ;setting_hardaware/uart.c: 27:     IPR1bits.RCIP = 0;
   329   0000A2  9A9F               	bcf	159,5,c	;volatile
   330   0000A4  0012               	return		;funcret
   331   0000A6                     __end_of_UART_Initialize:
   332                           	callstack 0
   333                           
   334 ;; *************** function _OSCILLATOR_Initialize *****************
   335 ;; Defined at:
   336 ;;		line 73 in file "setting_hardaware/setting.c"
   337 ;; Parameters:    Size  Location     Type
   338 ;;		None
   339 ;; Auto vars:     Size  Location     Type
   340 ;;		None
   341 ;; Return value:  Size  Location     Type
   342 ;;                  1    wreg      void 
   343 ;; Registers used:
   344 ;;		None
   345 ;; Tracked objects:
   346 ;;		On entry : 0/0
   347 ;;		On exit  : 0/0
   348 ;;		Unchanged: 0/0
   349 ;; Data sizes:     COMRAM   BANK0   BANK1   BANK2   BANK3   BANK4   BANK5
   350 ;;      Params:         0       0       0       0       0       0       0
   351 ;;      Locals:         0       0       0       0       0       0       0
   352 ;;      Temps:          0       0       0       0       0       0       0
   353 ;;      Totals:         0       0       0       0       0       0       0
   354 ;;Total ram usage:        0 bytes
   355 ;; Hardware stack levels used: 1
   356 ;; Hardware stack levels required when called: 4
   357 ;; This function calls:
   358 ;;		Nothing
   359 ;; This function is called by:
   360 ;;		_SYSTEM_Initialize
   361 ;; This function uses a non-reentrant model
   362 ;;
   363                           
   364                           	psect	text3
   365   000116                     __ptext3:
   366                           	callstack 0
   367   000116                     _OSCILLATOR_Initialize:
   368                           	callstack 25
   369   000116                     
   370                           ;setting_hardaware/setting.c: 75:     IRCF2 = 1;
   371   000116  8CD3               	bsf	4051,6,c	;volatile
   372                           
   373                           ;setting_hardaware/setting.c: 76:     IRCF1 = 1;
   374   000118  8AD3               	bsf	4051,5,c	;volatile
   375                           
   376                           ;setting_hardaware/setting.c: 77:     IRCF0 = 0;
   377   00011A  98D3               	bcf	4051,4,c	;volatile
   378   00011C  0012               	return		;funcret
   379   00011E                     __end_of_OSCILLATOR_Initialize:
   380                           	callstack 0
   381                           
   382 ;; *************** function _INTERRUPT_Initialize *****************
   383 ;; Defined at:
   384 ;;		line 3 in file "setting_hardaware/interrupt_manager.c"
   385 ;; Parameters:    Size  Location     Type
   386 ;;		None
   387 ;; Auto vars:     Size  Location     Type
   388 ;;		None
   389 ;; Return value:  Size  Location     Type
   390 ;;                  1    wreg      void 
   391 ;; Registers used:
   392 ;;		None
   393 ;; Tracked objects:
   394 ;;		On entry : 0/0
   395 ;;		On exit  : 0/0
   396 ;;		Unchanged: 0/0
   397 ;; Data sizes:     COMRAM   BANK0   BANK1   BANK2   BANK3   BANK4   BANK5
   398 ;;      Params:         0       0       0       0       0       0       0
   399 ;;      Locals:         0       0       0       0       0       0       0
   400 ;;      Temps:          0       0       0       0       0       0       0
   401 ;;      Totals:         0       0       0       0       0       0       0
   402 ;;Total ram usage:        0 bytes
   403 ;; Hardware stack levels used: 1
   404 ;; Hardware stack levels required when called: 4
   405 ;; This function calls:
   406 ;;		Nothing
   407 ;; This function is called by:
   408 ;;		_SYSTEM_Initialize
   409 ;; This function uses a non-reentrant model
   410 ;;
   411                           
   412                           	psect	text4
   413   00011E                     __ptext4:
   414                           	callstack 0
   415   00011E                     _INTERRUPT_Initialize:
   416                           	callstack 25
   417   00011E                     
   418                           ;setting_hardaware/interrupt_manager.c: 5:     RCONbits.IPEN = 1;
   419   00011E  8ED0               	bsf	208,7,c	;volatile
   420                           
   421                           ;setting_hardaware/interrupt_manager.c: 6:     INTCONbits.GIEH = 1;
   422   000120  8EF2               	bsf	242,7,c	;volatile
   423                           
   424                           ;setting_hardaware/interrupt_manager.c: 7:     INTCONbits.GIEL = 1;
   425   000122  8CF2               	bsf	242,6,c	;volatile
   426   000124  0012               	return		;funcret
   427   000126                     __end_of_INTERRUPT_Initialize:
   428                           	callstack 0
   429                           
   430 ;; *************** function _CCP1_Initialize *****************
   431 ;; Defined at:
   432 ;;		line 3 in file "setting_hardaware/ccp1.c"
   433 ;; Parameters:    Size  Location     Type
   434 ;;		None
   435 ;; Auto vars:     Size  Location     Type
   436 ;;		None
   437 ;; Return value:  Size  Location     Type
   438 ;;                  1    wreg      void 
   439 ;; Registers used:
   440 ;;		wreg, status,2
   441 ;; Tracked objects:
   442 ;;		On entry : 0/0
   443 ;;		On exit  : 0/0
   444 ;;		Unchanged: 0/0
   445 ;; Data sizes:     COMRAM   BANK0   BANK1   BANK2   BANK3   BANK4   BANK5
   446 ;;      Params:         0       0       0       0       0       0       0
   447 ;;      Locals:         0       0       0       0       0       0       0
   448 ;;      Temps:          0       0       0       0       0       0       0
   449 ;;      Totals:         0       0       0       0       0       0       0
   450 ;;Total ram usage:        0 bytes
   451 ;; Hardware stack levels used: 1
   452 ;; Hardware stack levels required when called: 4
   453 ;; This function calls:
   454 ;;		Nothing
   455 ;; This function is called by:
   456 ;;		_SYSTEM_Initialize
   457 ;; This function uses a non-reentrant model
   458 ;;
   459                           
   460                           	psect	text5
   461   00010A                     __ptext5:
   462                           	callstack 0
   463   00010A                     _CCP1_Initialize:
   464                           	callstack 25
   465   00010A                     
   466                           ;setting_hardaware/ccp1.c: 4:     TRISCbits.TRISC2=0;
   467   00010A  9494               	bcf	148,2,c	;volatile
   468   00010C                     
   469                           ;setting_hardaware/ccp1.c: 5:     CCP1CON=9;
   470   00010C  0E09               	movlw	9
   471   00010E  6EBD               	movwf	189,c	;volatile
   472   000110                     
   473                           ;setting_hardaware/ccp1.c: 6:     PIR1bits.CCP1IF=0;
   474   000110  949E               	bcf	158,2,c	;volatile
   475   000112                     
   476                           ;setting_hardaware/ccp1.c: 7:     IPR1bits.CCP1IP = 1;
   477   000112  849F               	bsf	159,2,c	;volatile
   478   000114  0012               	return		;funcret
   479   000116                     __end_of_CCP1_Initialize:
   480                           	callstack 0
   481                           
   482 ;; *************** function _ADC_Initialize *****************
   483 ;; Defined at:
   484 ;;		line 3 in file "setting_hardaware/adc.c"
   485 ;; Parameters:    Size  Location     Type
   486 ;;		None
   487 ;; Auto vars:     Size  Location     Type
   488 ;;		None
   489 ;; Return value:  Size  Location     Type
   490 ;;                  1    wreg      void 
   491 ;; Registers used:
   492 ;;		wreg, status,2
   493 ;; Tracked objects:
   494 ;;		On entry : 0/0
   495 ;;		On exit  : 0/0
   496 ;;		Unchanged: 0/0
   497 ;; Data sizes:     COMRAM   BANK0   BANK1   BANK2   BANK3   BANK4   BANK5
   498 ;;      Params:         0       0       0       0       0       0       0
   499 ;;      Locals:         0       0       0       0       0       0       0
   500 ;;      Temps:          0       0       0       0       0       0       0
   501 ;;      Totals:         0       0       0       0       0       0       0
   502 ;;Total ram usage:        0 bytes
   503 ;; Hardware stack levels used: 1
   504 ;; Hardware stack levels required when called: 4
   505 ;; This function calls:
   506 ;;		Nothing
   507 ;; This function is called by:
   508 ;;		_SYSTEM_Initialize
   509 ;; This function uses a non-reentrant model
   510 ;;
   511                           
   512                           	psect	text6
   513   0000D2                     __ptext6:
   514                           	callstack 0
   515   0000D2                     _ADC_Initialize:
   516                           	callstack 25
   517   0000D2                     
   518                           ;setting_hardaware/adc.c: 4:     TRISA = 0xff;
   519   0000D2  6892               	setf	146,c	;volatile
   520   0000D4                     
   521                           ;setting_hardaware/adc.c: 5:     ADCON1 = 0x0e;
   522   0000D4  0E0E               	movlw	14
   523   0000D6  6EC1               	movwf	193,c	;volatile
   524   0000D8                     
   525                           ;setting_hardaware/adc.c: 7:     ADFM = 1 ;
   526   0000D8  8EC0               	bsf	4032,7,c	;volatile
   527                           
   528                           ;setting_hardaware/adc.c: 8:     ADCON2bits.ADCS = 7;
   529   0000DA  0E07               	movlw	7
   530   0000DC  12C0               	iorwf	192,f,c	;volatile
   531                           
   532                           ;setting_hardaware/adc.c: 9:     ADRESH=0;
   533   0000DE  0E00               	movlw	0
   534   0000E0  6EC4               	movwf	196,c	;volatile
   535                           
   536                           ;setting_hardaware/adc.c: 10:     ADRESL=0;
   537   0000E2  0E00               	movlw	0
   538   0000E4  6EC3               	movwf	195,c	;volatile
   539   0000E6  0012               	return		;funcret
   540   0000E8                     __end_of_ADC_Initialize:
   541                           	callstack 0
   542                           
   543 ;; *************** function _Lo_ISR *****************
   544 ;; Defined at:
   545 ;;		line 74 in file "setting_hardaware/uart.c"
   546 ;; Parameters:    Size  Location     Type
   547 ;;		None
   548 ;; Auto vars:     Size  Location     Type
   549 ;;		None
   550 ;; Return value:  Size  Location     Type
   551 ;;                  1    wreg      void 
   552 ;; Registers used:
   553 ;;		wreg, status,2, status,0, cstack
   554 ;; Tracked objects:
   555 ;;		On entry : 0/0
   556 ;;		On exit  : 0/0
   557 ;;		Unchanged: 0/0
   558 ;; Data sizes:     COMRAM   BANK0   BANK1   BANK2   BANK3   BANK4   BANK5
   559 ;;      Params:         0       0       0       0       0       0       0
   560 ;;      Locals:         0       0       0       0       0       0       0
   561 ;;      Temps:          3       0       0       0       0       0       0
   562 ;;      Totals:         3       0       0       0       0       0       0
   563 ;;Total ram usage:        3 bytes
   564 ;; Hardware stack levels used: 1
   565 ;; Hardware stack levels required when called: 3
   566 ;; This function calls:
   567 ;;		_MyusartRead
   568 ;; This function is called by:
   569 ;;		Interrupt level 1
   570 ;; This function uses a non-reentrant model
   571 ;;
   572                           
   573                           	psect	intcodelo
   574   000018                     __pintcodelo:
   575                           	callstack 0
   576   000018                     _Lo_ISR:
   577                           	callstack 25
   578                           
   579                           ;incstack = 0
   580   000018  8030               	bsf	int$flags,0,c	;set compiler interrupt flag (level 1)
   581   00001A  CFD8 F02D          	movff	status,??_Lo_ISR
   582   00001E  CFE8 F02E          	movff	wreg,??_Lo_ISR+1
   583   000022  CFE0 F02F          	movff	bsr,??_Lo_ISR+2
   584   000026                     
   585                           ;setting_hardaware/uart.c: 76:     if(RCIF)
   586   000026  AA9E               	btfss	3998,5,c	;volatile
   587   000028  EF18  F000         	goto	i1u6_21
   588   00002C  EF1A  F000         	goto	i1u6_20
   589   000030                     i1u6_21:
   590   000030  EF26  F000         	goto	i1l130
   591   000034                     i1u6_20:
   592   000034                     
   593                           ;setting_hardaware/uart.c: 77:     {;setting_hardaware/uart.c: 78:         if(RCSTAbits.
      +                          OERR)
   594   000034  A2AB               	btfss	171,1,c	;volatile
   595   000036  EF1F  F000         	goto	i1u7_21
   596   00003A  EF21  F000         	goto	i1u7_20
   597   00003E                     i1u7_21:
   598   00003E  EF24  F000         	goto	i1l933
   599   000042                     i1u7_20:
   600   000042                     
   601                           ;setting_hardaware/uart.c: 79:         {;setting_hardaware/uart.c: 80:             CREN 
      +                          = 0;
   602   000042  98AB               	bcf	4011,4,c	;volatile
   603                           
   604                           ;setting_hardaware/uart.c: 81:             __nop();
   605   000044  F000               	nop	
   606                           
   607                           ;setting_hardaware/uart.c: 82:             CREN = 1;
   608   000046  88AB               	bsf	4011,4,c	;volatile
   609   000048                     i1l933:
   610                           
   611                           ;setting_hardaware/uart.c: 85:         MyusartRead();
   612   000048  EC30  F000         	call	_MyusartRead	;wreg free
   613   00004C                     i1l130:
   614   00004C  C02F  FFE0         	movff	??_Lo_ISR+2,bsr
   615   000050  C02E  FFE8         	movff	??_Lo_ISR+1,wreg
   616   000054  C02D  FFD8         	movff	??_Lo_ISR,status
   617   000058  9030               	bcf	int$flags,0,c	;clear compiler interrupt flag (level 1)
   618   00005A  0010               	retfie	
   619   00005C                     __end_of_Lo_ISR:
   620                           	callstack 0
   621                           
   622 ;; *************** function _MyusartRead *****************
   623 ;; Defined at:
   624 ;;		line 48 in file "setting_hardaware/uart.c"
   625 ;; Parameters:    Size  Location     Type
   626 ;;		None
   627 ;; Auto vars:     Size  Location     Type
   628 ;;  c               1    1[COMRAM] unsigned char 
   629 ;; Return value:  Size  Location     Type
   630 ;;                  1    wreg      void 
   631 ;; Registers used:
   632 ;;		wreg, status,2, status,0, cstack
   633 ;; Tracked objects:
   634 ;;		On entry : 0/0
   635 ;;		On exit  : 0/0
   636 ;;		Unchanged: 0/0
   637 ;; Data sizes:     COMRAM   BANK0   BANK1   BANK2   BANK3   BANK4   BANK5
   638 ;;      Params:         0       0       0       0       0       0       0
   639 ;;      Locals:         1       0       0       0       0       0       0
   640 ;;      Temps:          0       0       0       0       0       0       0
   641 ;;      Totals:         1       0       0       0       0       0       0
   642 ;;Total ram usage:        1 bytes
   643 ;; Hardware stack levels used: 1
   644 ;; Hardware stack levels required when called: 2
   645 ;; This function calls:
   646 ;;		_UART_Write
   647 ;; This function is called by:
   648 ;;		_Lo_ISR
   649 ;; This function uses a non-reentrant model
   650 ;;
   651                           
   652                           	psect	text8
   653   000060                     __ptext8:
   654                           	callstack 0
   655   000060                     _MyusartRead:
   656                           	callstack 25
   657   000060                     
   658                           ;setting_hardaware/uart.c: 55:     char c = RCREG;
   659   000060  CFAE F02C          	movff	4014,MyusartRead@c	;volatile
   660   000064                     
   661                           ;setting_hardaware/uart.c: 56:     if (c == '\r')
   662   000064  0E0D               	movlw	13
   663   000066  182C               	xorwf	MyusartRead@c^0,w,c
   664   000068  A4D8               	btfss	status,2,c
   665   00006A  EF39  F000         	goto	i1u2_21
   666   00006E  EF3B  F000         	goto	i1u2_20
   667   000072                     i1u2_21:
   668   000072  EF3E  F000         	goto	i1l887
   669   000076                     i1u2_20:
   670   000076                     
   671                           ;setting_hardaware/uart.c: 57:             UART_Write('\n');
   672   000076  0E0A               	movlw	10
   673   000078  EC74  F000         	call	_UART_Write
   674   00007C                     i1l887:
   675                           
   676                           ;setting_hardaware/uart.c: 58:     UART_Write(c);
   677   00007C  502C               	movf	MyusartRead@c^0,w,c
   678   00007E  EC74  F000         	call	_UART_Write
   679   000082  0012               	return		;funcret
   680   000084                     __end_of_MyusartRead:
   681                           	callstack 0
   682                           
   683 ;; *************** function _UART_Write *****************
   684 ;; Defined at:
   685 ;;		line 30 in file "setting_hardaware/uart.c"
   686 ;; Parameters:    Size  Location     Type
   687 ;;  data            1    wreg     unsigned char 
   688 ;; Auto vars:     Size  Location     Type
   689 ;;  data            1    0[COMRAM] unsigned char 
   690 ;; Return value:  Size  Location     Type
   691 ;;                  1    wreg      void 
   692 ;; Registers used:
   693 ;;		wreg
   694 ;; Tracked objects:
   695 ;;		On entry : 0/0
   696 ;;		On exit  : 0/0
   697 ;;		Unchanged: 0/0
   698 ;; Data sizes:     COMRAM   BANK0   BANK1   BANK2   BANK3   BANK4   BANK5
   699 ;;      Params:         0       0       0       0       0       0       0
   700 ;;      Locals:         1       0       0       0       0       0       0
   701 ;;      Temps:          0       0       0       0       0       0       0
   702 ;;      Totals:         1       0       0       0       0       0       0
   703 ;;Total ram usage:        1 bytes
   704 ;; Hardware stack levels used: 1
   705 ;; Hardware stack levels required when called: 1
   706 ;; This function calls:
   707 ;;		Nothing
   708 ;; This function is called by:
   709 ;;		_MyusartRead
   710 ;;		_UART_Write_Text
   711 ;; This function uses a non-reentrant model
   712 ;;
   713                           
   714                           	psect	text9
   715   0000E8                     __ptext9:
   716                           	callstack 0
   717   0000E8                     _UART_Write:
   718                           	callstack 25
   719                           
   720                           ;incstack = 0
   721                           ;UART_Write@data stored from wreg
   722   0000E8  6E2B               	movwf	UART_Write@data^0,c
   723   0000EA                     i1l99:
   724   0000EA  A2AC               	btfss	172,1,c	;volatile
   725   0000EC  EF7A  F000         	goto	i1u1_21
   726   0000F0  EF7C  F000         	goto	i1u1_20
   727   0000F4                     i1u1_21:
   728   0000F4  EF75  F000         	goto	i1l99
   729   0000F8                     i1u1_20:
   730   0000F8                     
   731                           ;setting_hardaware/uart.c: 33:     TXREG = data;
   732   0000F8  C02B  FFAD         	movff	UART_Write@data,4013	;volatile
   733   0000FC  0012               	return		;funcret
   734   0000FE                     __end_of_UART_Write:
   735                           	callstack 0
   736                           
   737 ;; *************** function _Hi_ISR *****************
   738 ;; Defined at:
   739 ;;		line 33 in file "main.c"
   740 ;; Parameters:    Size  Location     Type
   741 ;;		None
   742 ;; Auto vars:     Size  Location     Type
   743 ;;		None
   744 ;; Return value:  Size  Location     Type
   745 ;;                  1    wreg      void 
   746 ;; Registers used:
   747 ;;		None
   748 ;; Tracked objects:
   749 ;;		On entry : 0/0
   750 ;;		On exit  : 0/0
   751 ;;		Unchanged: 0/0
   752 ;; Data sizes:     COMRAM   BANK0   BANK1   BANK2   BANK3   BANK4   BANK5
   753 ;;      Params:         0       0       0       0       0       0       0
   754 ;;      Locals:         0       0       0       0       0       0       0
   755 ;;      Temps:          0       0       0       0       0       0       0
   756 ;;      Totals:         0       0       0       0       0       0       0
   757 ;;Total ram usage:        0 bytes
   758 ;; Hardware stack levels used: 1
   759 ;; This function calls:
   760 ;;		Nothing
   761 ;; This function is called by:
   762 ;;		Interrupt level 2
   763 ;; This function uses a non-reentrant model
   764 ;;
   765                           
   766                           	psect	intcode
   767   000008                     __pintcode:
   768                           	callstack 0
   769   000008                     _Hi_ISR:
   770                           	callstack 25
   771                           
   772                           ;incstack = 0
   773   000008  8230               	bsf	int$flags,1,c	;set compiler interrupt flag (level 2)
   774   00000A  ED93  F000         	call	int_func,f	;refresh shadow registers
   775                           
   776                           	psect	intcode_body
   777   000126                     __pintcode_body:
   778                           	callstack 25
   779   000126                     int_func:
   780                           	callstack 25
   781   000126  0006               	pop		; remove dummy address from shadow register refresh
   782   000128  9230               	bcf	int$flags,1,c	;clear compiler interrupt flag (level 2)
   783   00012A  0011               	retfie		f
   784   00012C                     __end_of_Hi_ISR:
   785                           	callstack 0
   786   000000                     
   787                           	psect	rparam
   788   000000                     
   789                           	psect	temp
   790   000030                     btemp:
   791                           	callstack 0
   792   000030                     	ds	1
   793   000000                     int$flags	set	btemp
   794   000000                     wtemp8	set	btemp+1
   795   000000                     ttemp5	set	btemp+1
   796   000000                     ttemp6	set	btemp+4
   797   000000                     ttemp7	set	btemp+8
   798                           
   799                           	psect	idloc
   800                           
   801                           ;Config register IDLOC0 @ 0x200000
   802                           ;	unspecified, using default values
   803   200000                     	org	2097152
   804   200000  FF                 	db	255
   805                           
   806                           ;Config register IDLOC1 @ 0x200001
   807                           ;	unspecified, using default values
   808   200001                     	org	2097153
   809   200001  FF                 	db	255
   810                           
   811                           ;Config register IDLOC2 @ 0x200002
   812                           ;	unspecified, using default values
   813   200002                     	org	2097154
   814   200002  FF                 	db	255
   815                           
   816                           ;Config register IDLOC3 @ 0x200003
   817                           ;	unspecified, using default values
   818   200003                     	org	2097155
   819   200003  FF                 	db	255
   820                           
   821                           ;Config register IDLOC4 @ 0x200004
   822                           ;	unspecified, using default values
   823   200004                     	org	2097156
   824   200004  FF                 	db	255
   825                           
   826                           ;Config register IDLOC5 @ 0x200005
   827                           ;	unspecified, using default values
   828   200005                     	org	2097157
   829   200005  FF                 	db	255
   830                           
   831                           ;Config register IDLOC6 @ 0x200006
   832                           ;	unspecified, using default values
   833   200006                     	org	2097158
   834   200006  FF                 	db	255
   835                           
   836                           ;Config register IDLOC7 @ 0x200007
   837                           ;	unspecified, using default values
   838   200007                     	org	2097159
   839   200007  FF                 	db	255
   840                           
   841                           	psect	config
   842                           
   843                           ; Padding undefined space
   844   300000                     	org	3145728
   845   300000  FF                 	db	255
   846                           
   847                           ;Config register CONFIG1H @ 0x300001
   848                           ;	Oscillator Selection bits
   849                           ;	OSC = INTIO67, Internal oscillator block, port function on RA6 and RA7
   850                           ;	Fail-Safe Clock Monitor Enable bit
   851                           ;	FCMEN = OFF, Fail-Safe Clock Monitor disabled
   852                           ;	Internal/External Oscillator Switchover bit
   853                           ;	IESO = ON, Oscillator Switchover mode enabled
   854   300001                     	org	3145729
   855   300001  88                 	db	136
   856                           
   857                           ;Config register CONFIG2L @ 0x300002
   858                           ;	Power-up Timer Enable bit
   859                           ;	PWRT = OFF, PWRT disabled
   860                           ;	Brown-out Reset Enable bits
   861                           ;	BOREN = SBORDIS, Brown-out Reset enabled in hardware only (SBOREN is disabled)
   862                           ;	Brown Out Reset Voltage bits
   863                           ;	BORV = 3, Minimum setting
   864   300002                     	org	3145730
   865   300002  1F                 	db	31
   866                           
   867                           ;Config register CONFIG2H @ 0x300003
   868                           ;	Watchdog Timer Enable bit
   869                           ;	WDT = OFF, WDT disabled (control is placed on the SWDTEN bit)
   870                           ;	Watchdog Timer Postscale Select bits
   871                           ;	WDTPS = 1, 1:1
   872   300003                     	org	3145731
   873   300003  00                 	db	0
   874                           
   875                           ; Padding undefined space
   876   300004                     	org	3145732
   877   300004  FF                 	db	255
   878                           
   879                           ;Config register CONFIG3H @ 0x300005
   880                           ;	CCP2 MUX bit
   881                           ;	CCP2MX = PORTC, CCP2 input/output is multiplexed with RC1
   882                           ;	PORTB A/D Enable bit
   883                           ;	PBADEN = ON, PORTB<4:0> pins are configured as analog input channels on Reset
   884                           ;	Low-Power Timer1 Oscillator Enable bit
   885                           ;	LPT1OSC = OFF, Timer1 configured for higher power operation
   886                           ;	MCLR Pin Enable bit
   887                           ;	MCLRE = ON, MCLR pin enabled; RE3 input pin disabled
   888   300005                     	org	3145733
   889   300005  83                 	db	131
   890                           
   891                           ;Config register CONFIG4L @ 0x300006
   892                           ;	Stack Full/Underflow Reset Enable bit
   893                           ;	STVREN = ON, Stack full/underflow will cause Reset
   894                           ;	Single-Supply ICSP Enable bit
   895                           ;	LVP = OFF, Single-Supply ICSP disabled
   896                           ;	Extended Instruction Set Enable bit
   897                           ;	XINST = OFF, Instruction set extension and Indexed Addressing mode disabled (Legacy mo
      +                          de)
   898                           ;	Background Debugger Enable bit
   899                           ;	DEBUG = 0x1, unprogrammed default
   900   300006                     	org	3145734
   901   300006  81                 	db	129
   902                           
   903                           ; Padding undefined space
   904   300007                     	org	3145735
   905   300007  FF                 	db	255
   906                           
   907                           ;Config register CONFIG5L @ 0x300008
   908                           ;	Code Protection bit
   909                           ;	CP0 = OFF, Block 0 (000800-001FFFh) not code-protected
   910                           ;	Code Protection bit
   911                           ;	CP1 = OFF, Block 1 (002000-003FFFh) not code-protected
   912                           ;	Code Protection bit
   913                           ;	CP2 = OFF, Block 2 (004000-005FFFh) not code-protected
   914                           ;	Code Protection bit
   915                           ;	CP3 = OFF, Block 3 (006000-007FFFh) not code-protected
   916   300008                     	org	3145736
   917   300008  0F                 	db	15
   918                           
   919                           ;Config register CONFIG5H @ 0x300009
   920                           ;	Boot Block Code Protection bit
   921                           ;	CPB = OFF, Boot block (000000-0007FFh) not code-protected
   922                           ;	Data EEPROM Code Protection bit
   923                           ;	CPD = OFF, Data EEPROM not code-protected
   924   300009                     	org	3145737
   925   300009  C0                 	db	192
   926                           
   927                           ;Config register CONFIG6L @ 0x30000A
   928                           ;	Write Protection bit
   929                           ;	WRT0 = OFF, Block 0 (000800-001FFFh) not write-protected
   930                           ;	Write Protection bit
   931                           ;	WRT1 = OFF, Block 1 (002000-003FFFh) not write-protected
   932                           ;	Write Protection bit
   933                           ;	WRT2 = OFF, Block 2 (004000-005FFFh) not write-protected
   934                           ;	Write Protection bit
   935                           ;	WRT3 = OFF, Block 3 (006000-007FFFh) not write-protected
   936   30000A                     	org	3145738
   937   30000A  0F                 	db	15
   938                           
   939                           ;Config register CONFIG6H @ 0x30000B
   940                           ;	Configuration Register Write Protection bit
   941                           ;	WRTC = OFF, Configuration registers (300000-3000FFh) not write-protected
   942                           ;	Boot Block Write Protection bit
   943                           ;	WRTB = OFF, Boot block (000000-0007FFh) not write-protected
   944                           ;	Data EEPROM Write Protection bit
   945                           ;	WRTD = OFF, Data EEPROM not write-protected
   946   30000B                     	org	3145739
   947   30000B  E0                 	db	224
   948                           
   949                           ;Config register CONFIG7L @ 0x30000C
   950                           ;	Table Read Protection bit
   951                           ;	EBTR0 = OFF, Block 0 (000800-001FFFh) not protected from table reads executed in other
      +                           blocks
   952                           ;	Table Read Protection bit
   953                           ;	EBTR1 = OFF, Block 1 (002000-003FFFh) not protected from table reads executed in other
      +                           blocks
   954                           ;	Table Read Protection bit
   955                           ;	EBTR2 = OFF, Block 2 (004000-005FFFh) not protected from table reads executed in other
      +                           blocks
   956                           ;	Table Read Protection bit
   957                           ;	EBTR3 = OFF, Block 3 (006000-007FFFh) not protected from table reads executed in other
      +                           blocks
   958   30000C                     	org	3145740
   959   30000C  0F                 	db	15
   960                           
   961                           ;Config register CONFIG7H @ 0x30000D
   962                           ;	Boot Block Table Read Protection bit
   963                           ;	EBTRB = OFF, Boot block (000000-0007FFh) not protected from table reads executed in ot
      +                          her blocks
   964   30000D                     	org	3145741
   965   30000D  40                 	db	64
   966                           tosu	equ	0xFFF
   967                           tosh	equ	0xFFE
   968                           tosl	equ	0xFFD
   969                           stkptr	equ	0xFFC
   970                           pclatu	equ	0xFFB
   971                           pclath	equ	0xFFA
   972                           pcl	equ	0xFF9
   973                           tblptru	equ	0xFF8
   974                           tblptrh	equ	0xFF7
   975                           tblptrl	equ	0xFF6
   976                           tablat	equ	0xFF5
   977                           prodh	equ	0xFF4
   978                           prodl	equ	0xFF3
   979                           indf0	equ	0xFEF
   980                           postinc0	equ	0xFEE
   981                           postdec0	equ	0xFED
   982                           preinc0	equ	0xFEC
   983                           plusw0	equ	0xFEB
   984                           fsr0h	equ	0xFEA
   985                           fsr0l	equ	0xFE9
   986                           wreg	equ	0xFE8
   987                           indf1	equ	0xFE7
   988                           postinc1	equ	0xFE6
   989                           postdec1	equ	0xFE5
   990                           preinc1	equ	0xFE4
   991                           plusw1	equ	0xFE3
   992                           fsr1h	equ	0xFE2
   993                           fsr1l	equ	0xFE1
   994                           bsr	equ	0xFE0
   995                           indf2	equ	0xFDF
   996                           postinc2	equ	0xFDE
   997                           postdec2	equ	0xFDD
   998                           preinc2	equ	0xFDC
   999                           plusw2	equ	0xFDB
  1000                           fsr2h	equ	0xFDA
  1001                           fsr2l	equ	0xFD9
  1002                           status	equ	0xFD8

Data Sizes:
    Strings     0
    Constant    0
    Data        0
    BSS         42
    Persistent  0
    Stack       0

Auto Spaces:
    Space          Size  Autos    Used
    COMRAM          126      5      47
    BANK0           128      0       0
    BANK1           256      0       0
    BANK2           256      0       0
    BANK3           256      0       0
    BANK4           256      0       0
    BANK5           244      0       0

Pointer List with Targets:

    sp__GetString	PTR unsigned char  size(2) Largest target is 20
		 -> mystring(COMRAM[20]), 


Critical Paths under _main in COMRAM

    None.

Critical Paths under _Lo_ISR in COMRAM

    _Lo_ISR->_MyusartRead
    _MyusartRead->_UART_Write

Critical Paths under _Hi_ISR in COMRAM

    None.

Critical Paths under _main in BANK0

    None.

Critical Paths under _Lo_ISR in BANK0

    None.

Critical Paths under _Hi_ISR in BANK0

    None.

Critical Paths under _main in BANK1

    None.

Critical Paths under _Lo_ISR in BANK1

    None.

Critical Paths under _Hi_ISR in BANK1

    None.

Critical Paths under _main in BANK2

    None.

Critical Paths under _Lo_ISR in BANK2

    None.

Critical Paths under _Hi_ISR in BANK2

    None.

Critical Paths under _main in BANK3

    None.

Critical Paths under _Lo_ISR in BANK3

    None.

Critical Paths under _Hi_ISR in BANK3

    None.

Critical Paths under _main in BANK4

    None.

Critical Paths under _Lo_ISR in BANK4

    None.

Critical Paths under _Hi_ISR in BANK4

    None.

Critical Paths under _main in BANK5

    None.

Critical Paths under _Lo_ISR in BANK5

    None.

Critical Paths under _Hi_ISR in BANK5

    None.

Call Graph Tables:

 ---------------------------------------------------------------------------------
 (Depth) Function   	        Calls       Base Space   Used Autos Params    Refs
 ---------------------------------------------------------------------------------
 (0) _main                                                 0     0      0       0
                  _SYSTEM_Initialize
 ---------------------------------------------------------------------------------
 (1) _SYSTEM_Initialize                                    0     0      0       0
                     _ADC_Initialize
                    _CCP1_Initialize
               _INTERRUPT_Initialize
              _OSCILLATOR_Initialize
                    _UART_Initialize
 ---------------------------------------------------------------------------------
 (2) _UART_Initialize                                      0     0      0       0
 ---------------------------------------------------------------------------------
 (2) _OSCILLATOR_Initialize                                0     0      0       0
 ---------------------------------------------------------------------------------
 (2) _INTERRUPT_Initialize                                 0     0      0       0
 ---------------------------------------------------------------------------------
 (2) _CCP1_Initialize                                      0     0      0       0
 ---------------------------------------------------------------------------------
 (2) _ADC_Initialize                                       0     0      0       0
 ---------------------------------------------------------------------------------
 Estimated maximum stack depth 2
 ---------------------------------------------------------------------------------
 (Depth) Function   	        Calls       Base Space   Used Autos Params    Refs
 ---------------------------------------------------------------------------------
 (3) _Lo_ISR                                               3     3      0      45
                                              2 COMRAM     3     3      0
                        _MyusartRead
 ---------------------------------------------------------------------------------
 (4) _MyusartRead                                          1     1      0      45
                                              1 COMRAM     1     1      0
                         _UART_Write
 ---------------------------------------------------------------------------------
 (5) _UART_Write                                           1     1      0      15
                                              0 COMRAM     1     1      0
 ---------------------------------------------------------------------------------
 Estimated maximum stack depth 5
 ---------------------------------------------------------------------------------
 (Depth) Function   	        Calls       Base Space   Used Autos Params    Refs
 ---------------------------------------------------------------------------------
 (6) _Hi_ISR                                               0     0      0       0
 ---------------------------------------------------------------------------------
 Estimated maximum stack depth 6
 ---------------------------------------------------------------------------------

 Call Graph Graphs:

 _main (ROOT)
   _SYSTEM_Initialize
     _ADC_Initialize
     _CCP1_Initialize
     _INTERRUPT_Initialize
     _OSCILLATOR_Initialize
     _UART_Initialize

 _Lo_ISR (ROOT)
   _MyusartRead
     _UART_Write

 _Hi_ISR (ROOT)

 Address spaces:
Name               Size   Autos  Total    Cost      Usage
BIGRAM             5F3      0       0      30        0.0%
EEDATA             100      0       0       0        0.0%
BITBANK4           100      0       0      11        0.0%
BANK4              100      0       0      12        0.0%
BITBANK3           100      0       0       9        0.0%
BANK3              100      0       0      10        0.0%
BITBANK2           100      0       0       7        0.0%
BANK2              100      0       0       8        0.0%
BITBANK1           100      0       0       5        0.0%
BANK1              100      0       0       6        0.0%
BITBANK5            F4      0       0      13        0.0%
BANK5               F4      0       0      14        0.0%
BITBANK0            80      0       0       3        0.0%
BANK0               80      0       0       4        0.0%
BITCOMRAM           7E      0       0       0        0.0%
COMRAM              7E      5      2F       1       37.3%
BITBIGSFRl          12      0       0      28        0.0%
BITBIGSFR_1llhl      B      0       0      25        0.0%
BITBIGSFR_1hhl       B      0       0      21        0.0%
BITBIGSFR_5h         A      0       0      15        0.0%
BITBIGSFR_1llhh      8      0       0      24        0.0%
BITBIGSFRhh          7      0       0      26        0.0%
BITBIGSFR_2          6      0       0      19        0.0%
BITBIGSFR_1llhh      4      0       0      23        0.0%
BITBIGSFR_4          3      0       0      17        0.0%
BITBIGSFR_3          3      0       0      18        0.0%
BITBIGSFR_1hhh       2      0       0      20        0.0%
BITBIGSFR_1lh        2      0       0      22        0.0%
BITBIGSFR_5l         2      0       0      16        0.0%
BITBIGSFRhl          1      0       0      27        0.0%
BIGSFR_5             0      0       0     200        0.0%
BIGSFR_4             0      0       0     200        0.0%
BIGSFR_3             0      0       0     200        0.0%
BIGSFR_2             0      0       0     200        0.0%
BIGSFR_1             0      0       0     200        0.0%
BIGSFR               0      0       0     200        0.0%
BITSFR_5             0      0       0     200        0.0%
SFR_5                0      0       0     200        0.0%
BITSFR_4             0      0       0     200        0.0%
SFR_4                0      0       0     200        0.0%
BITSFR_3             0      0       0     200        0.0%
SFR_3                0      0       0     200        0.0%
BITSFR_2             0      0       0     200        0.0%
SFR_2                0      0       0     200        0.0%
BITSFR_1             0      0       0     200        0.0%
SFR_1                0      0       0     200        0.0%
BITSFR               0      0       0     200        0.0%
SFR                  0      0       0     200        0.0%
STACK                0      0       0       2        0.0%
NULL                 0      0       0       0        0.0%
ABS                  0      0      2F      29        0.0%
DATA                 0      0      2F      31        0.0%
CODE                 0      0       0       0        0.0%


Microchip Technology PIC18 Macro Assembler V2.40 build 20220703182018 
Symbol Table                                                                                   Mon Dec 19 03:41:34 2022

                           l17 00E6                             l41 0124                             l34 0114  
                           l60 00D0                             l63 011C                             l96 00A4  
                           bsr 000FE0        __end_of_CCP1_Initialize 0116                            l145 0102  
                          l146 0102                            l831 00D4                            l833 00D8  
                          l841 0112                            l835 010A                            l843 011E  
                          l851 0092                            l829 00D2                            l837 010C  
                          l845 0116                            l861 009C                            l853 0094  
                          l941 00FE                            l839 0110                            l863 009E  
                          l855 0096                            l847 0084                            l865 00A0  
                          l857 0098                            l849 008E                            l873 00BC  
                          l867 00A2                            l859 009A                            l875 00C4  
                          l877 00C8                            l879 00CC                            _str 0001  
                          wreg 000FE8                           _ADFM 007E07                           _CREN 007D5C  
                         _RCIF 007CF5                           i1l99 00EA                           _main 00FE  
                         btemp 0030                           start 005C                   ___param_bank 000000  
             ?_UART_Initialize 002B  __end_of_OSCILLATOR_Initialize 011E                          ?_main 002B  
                        _IRCF0 007E9C                          _IRCF1 007E9D                          _IRCF2 007E9E  
                        i1l102 00FC                          i1l130 004C                          i1l117 0082  
                        i2l153 0128                          i1l931 0042                          i1l933 0048  
                        i1l871 00F8                          i1l927 0026                          i1l881 0060  
                        i1l929 0034                          i1l883 0064                          i1l869 00EA  
                        i1l885 0076                          i1l887 007C                          _RCREG 000FAE  
                        _SPBRG 000FAF                          _TRISA 000F92                          _TXREG 000FAD  
                  ?_UART_Write 002B                          ttemp5 0031                          ttemp6 0034  
                        ttemp7 0038                          status 000FD8                          wtemp8 0031  
                 MyusartRead@c 002C                __initialization 00A6                   __end_of_main 010A  
                       ??_main 0030               ?_CCP1_Initialize 002B                  __activetblptr 000000  
                       _ADCON1 000FC1                         _ADRESH 000FC4                         _ADRESL 000FC3  
                       i1u1_20 00F8                         i1u1_21 00F4                         i1u2_20 0076  
                       i1u2_21 0072                         i1u6_20 0034                         i1u6_21 0030  
                       i1u7_20 0042                         i1u7_21 003E                         _Hi_ISR 0008  
                       _Lo_ISR 0018                         _lenStr 0015                         clear_0 00AC  
                       isa$std 000001              _SYSTEM_Initialize 00BC                     __accesstop 0080  
      __end_of__initialization 00B2             ?_SYSTEM_Initialize 002B                  ___rparam_used 000001  
               __pcstackCOMRAM 002B            ??_SYSTEM_Initialize 0030                  ??_MyusartRead 002C  
    __end_of_SYSTEM_Initialize 00D2                        ?_Hi_ISR 002B                        ?_Lo_ISR 002B  
                      _CCP1CON 000FBD                   ??_UART_Write 002B            __end_of_MyusartRead 0084  
                      __Hparam 0000                        __Lparam 0000             __end_of_UART_Write 00FE  
                      __pcinit 00A6                        __ramtop 0600                        __ptext0 00FE  
                      __ptext1 00BC                        __ptext2 0084                        __ptext3 0116  
                      __ptext4 011E                        __ptext5 010A                        __ptext6 00D2  
                      __ptext8 0060                        __ptext9 00E8          _OSCILLATOR_Initialize 0116  
               __pintcode_body 0126           end_of_initialization 00B2                        int_func 0126  
                    _RCSTAbits 000FAB                        postinc0 000FEE                 UART_Write@data 002B  
                    _TRISCbits 000F94                    _MyusartRead 0060                      _TXSTAbits 000FAC  
               __end_of_Hi_ISR 012C                 __end_of_Lo_ISR 005C   __end_of_INTERRUPT_Initialize 0126  
                  _BAUDCONbits 000FB8                 _ADC_Initialize 00D2         ?_OSCILLATOR_Initialize 002B  
          start_initialization 00A6              ??_UART_Initialize 0030                       ??_Hi_ISR 002B  
                     ??_Lo_ISR 002D         __end_of_ADC_Initialize 00E8                    __pbssCOMRAM 0001  
            ??_CCP1_Initialize 0030                      __pintcode 0008                ?_ADC_Initialize 002B  
                  __pintcodelo 0018           _INTERRUPT_Initialize 011E                       _IPR1bits 000F9F  
                     _PIE1bits 000F9D                       _PIR1bits 000F9E                       _RCONbits 000FD0  
                   _ADCON0bits 000FC2                     _ADCON2bits 000FC0                   ?_MyusartRead 002B  
        ?_INTERRUPT_Initialize 002B                       __Hrparam 0000                       __Lrparam 0000  
      ??_OSCILLATOR_Initialize 0030                _UART_Initialize 0084                       isa$xinst 000000  
                     int$flags 0030                       _mystring 0017                     _INTCONbits 000FF2  
              _CCP1_Initialize 010A         ??_INTERRUPT_Initialize 0030                       intlevel1 0000  
                     intlevel2 0000               ??_ADC_Initialize 0030        __end_of_UART_Initialize 00A6  
                   _UART_Write 00E8  
